> Task :jib-build-plan:spotbugsMain
M D NP: Possible null pointer dereference in com.google.cloud.tools.jib.api.buildplan.FileEntriesLayer$Builder.addEntryRecursive(Path, AbsoluteUnixPath, FilePermissionsProvider, ModificationTimeProvider, OwnershipProvider) due to return value of called method  Method invoked at FileEntriesLayer.java:[line 293]
SpotBugs ended with exit code 1

> Task :jib-maven-plugin:spotbugsMain
M V EI: com.google.cloud.tools.jib.maven.JibPluginConfiguration$CredHelperParameters.getEnvironment() may expose internal representation by returning JibPluginConfiguration$CredHelperParameters.environment  At JibPluginConfiguration.java:[line 178]
M V EI2: new com.google.cloud.tools.jib.maven.MavenRawConfiguration(JibPluginConfiguration) may expose internal representation by storing an externally mutable object into MavenRawConfiguration.jibPluginConfiguration  At MavenRawConfiguration.java:[line 40]

> Task :jib-gradle-plugin:spotbugsMain
M V EI: com.google.cloud.tools.jib.gradle.JibExtension.getTo() may expose internal representation by returning JibExtension.to  At JibExtension.java:[line 180]
M V EI: com.google.cloud.tools.jib.gradle.JibExtension.getFrom() may expose internal representation by returning JibExtension.from  At JibExtension.java:[line 174]
M V EI: com.google.cloud.tools.jib.gradle.JibExtension.getOutputPaths() may expose internal representation by returning JibExtension.outputPaths  At JibExtension.java:[line 204]
M V EI: com.google.cloud.tools.jib.gradle.JibExtension.getContainer() may expose internal representation by returning JibExtension.container  At JibExtension.java:[line 186]
M V EI: com.google.cloud.tools.jib.gradle.JibExtension.getExtraDirectories() may expose internal representation by returning JibExtension.extraDirectories  At JibExtension.java:[line 192]
M V EI: com.google.cloud.tools.jib.gradle.JibExtension.getDockerClient() may expose internal representation by returning JibExtension.dockerClient  At JibExtension.java:[line 198]
M V EI: com.google.cloud.tools.jib.gradle.JibExtension.getConfigurationName() may expose internal representation by returning JibExtension.configurationName  At JibExtension.java:[line 241]
M V EI2: new com.google.cloud.tools.jib.gradle.ExtensionParametersSpec(ObjectFactory, ListProperty) may expose internal representation by storing an externally mutable object into ExtensionParametersSpec.objectFactory  At ExtensionParametersSpec.java:[line 33]
M V EI2: new com.google.cloud.tools.jib.gradle.ExtraDirectoryParameters(ObjectFactory, Project) may expose internal representation by storing an externally mutable object into ExtraDirectoryParameters.project  At ExtraDirectoryParameters.java:[line 43]
M V EI: com.google.cloud.tools.jib.gradle.skaffold.SkaffoldSyncParameters.getExcludes() may expose internal representation by returning SkaffoldSyncParameters.excludes  At SkaffoldSyncParameters.java:[line 46]
M V EI2: new com.google.cloud.tools.jib.gradle.skaffold.SkaffoldSyncParameters(Project) may expose internal representation by storing an externally mutable object into SkaffoldSyncParameters.project  At SkaffoldSyncParameters.java:[line 36]
M V EI2: new com.google.cloud.tools.jib.gradle.PlatformParametersSpec(ObjectFactory, ListProperty) may expose internal representation by storing an externally mutable object into PlatformParametersSpec.objectFactory  At PlatformParametersSpec.java:[line 33]
M V EI: com.google.cloud.tools.jib.gradle.skaffold.SkaffoldWatchParameters.getIncludes() may expose internal representation by returning SkaffoldWatchParameters.includes  At SkaffoldWatchParameters.java:[line 73]
M V EI: com.google.cloud.tools.jib.gradle.skaffold.SkaffoldWatchParameters.getBuildIncludes() may expose internal representation by returning SkaffoldWatchParameters.buildIncludes  At SkaffoldWatchParameters.java:[line 49]
M V EI: com.google.cloud.tools.jib.gradle.skaffold.SkaffoldWatchParameters.getExcludes() may expose internal representation by returning SkaffoldWatchParameters.excludes  At SkaffoldWatchParameters.java:[line 99]
M V EI2: new com.google.cloud.tools.jib.gradle.skaffold.SkaffoldWatchParameters(Project) may expose internal representation by storing an externally mutable object into SkaffoldWatchParameters.project  At SkaffoldWatchParameters.java:[line 39]
M V EI: com.google.cloud.tools.jib.gradle.DockerClientParameters.getEnvironment() may expose internal representation by returning DockerClientParameters.environment  At DockerClientParameters.java:[line 69]
M V EI2: com.google.cloud.tools.jib.gradle.DockerClientParameters.setEnvironment(Map) may expose internal representation by storing an externally mutable object into DockerClientParameters.environment  At DockerClientParameters.java:[line 73]
M V EI2: new com.google.cloud.tools.jib.gradle.ExtraDirectoryParametersSpec(Project, ListProperty) may expose internal representation by storing an externally mutable object into ExtraDirectoryParametersSpec.project  At ExtraDirectoryParametersSpec.java:[line 33]
M V EI: com.google.cloud.tools.jib.gradle.skaffold.SkaffoldParameters.getWatch() may expose internal representation by returning SkaffoldParameters.watch  At SkaffoldParameters.java:[line 52]
M V EI: com.google.cloud.tools.jib.gradle.skaffold.SkaffoldParameters.getSync() may expose internal representation by returning SkaffoldParameters.sync  At SkaffoldParameters.java:[line 57]
M V EI2: com.google.cloud.tools.jib.gradle.ExtensionParameters.setProperties(Map) may expose internal representation by storing an externally mutable object into ExtensionParameters.properties  At ExtensionParameters.java:[line 56]
M V EI: com.google.cloud.tools.jib.gradle.ExtensionParameters.getProperties() may expose internal representation by returning ExtensionParameters.properties  At ExtensionParameters.java:[line 52]
M V EI2: new com.google.cloud.tools.jib.gradle.ExtraDirectoriesParameters(ObjectFactory, Project) may expose internal representation by storing an externally mutable object into ExtraDirectoriesParameters.objects  At ExtraDirectoriesParameters.java:[line 50]
M V EI: com.google.cloud.tools.jib.gradle.ExtraDirectoriesParameters.getPermissions() may expose internal representation by returning ExtraDirectoriesParameters.permissions  At ExtraDirectoriesParameters.java:[line 140]
M V EI2: new com.google.cloud.tools.jib.gradle.ExtraDirectoriesParameters(ObjectFactory, Project) may expose internal representation by storing an externally mutable object into ExtraDirectoriesParameters.project  At ExtraDirectoriesParameters.java:[line 51]
M V EI2: com.google.cloud.tools.jib.gradle.ContainerParameters.setArgs(List) may expose internal representation by storing an externally mutable object into ContainerParameters.args  At ContainerParameters.java:[line 181]
M V EI2: com.google.cloud.tools.jib.gradle.ContainerParameters.setVolumes(List) may expose internal representation by storing an externally mutable object into ContainerParameters.volumes  At ContainerParameters.java:[line 226]
M V EI: com.google.cloud.tools.jib.gradle.ContainerParameters.getArgs() may expose internal representation by returning ContainerParameters.args  At ContainerParameters.java:[line 177]
M V EI: com.google.cloud.tools.jib.gradle.ContainerParameters.getCreationTime() may expose internal representation by returning ContainerParameters.creationTime  At ContainerParameters.java:[line 301]
M V EI2: com.google.cloud.tools.jib.gradle.ContainerParameters.setExtraClasspath(List) may expose internal representation by storing an externally mutable object into ContainerParameters.extraClasspath  At ContainerParameters.java:[line 135]
M V EI: com.google.cloud.tools.jib.gradle.ContainerParameters.getFilesModificationTime() may expose internal representation by returning ContainerParameters.filesModificationTime  At ContainerParameters.java:[line 291]
M V EI2: com.google.cloud.tools.jib.gradle.ContainerParameters.setEnvironment(Map) may expose internal representation by storing an externally mutable object into ContainerParameters.environment  At ContainerParameters.java:[line 121]
M V EI: com.google.cloud.tools.jib.gradle.ContainerParameters.getPorts() may expose internal representation by returning ContainerParameters.ports  At ContainerParameters.java:[line 208]
M V EI: com.google.cloud.tools.jib.gradle.ContainerParameters.getLabels() may expose internal representation by returning ContainerParameters.labels  At ContainerParameters.java:[line 240]
M V EI2: com.google.cloud.tools.jib.gradle.ContainerParameters.setPorts(List) may expose internal representation by storing an externally mutable object into ContainerParameters.ports  At ContainerParameters.java:[line 212]
M V EI: com.google.cloud.tools.jib.gradle.ContainerParameters.getVolumes() may expose internal representation by returning ContainerParameters.volumes  At ContainerParameters.java:[line 222]
M V EI: com.google.cloud.tools.jib.gradle.ContainerParameters.getEnvironment() may expose internal representation by returning ContainerParameters.environment  At ContainerParameters.java:[line 117]
M V EI: com.google.cloud.tools.jib.gradle.ContainerParameters.getExtraClasspath() may expose internal representation by returning ContainerParameters.extraClasspath  At ContainerParameters.java:[line 131]
M V EI2: new com.google.cloud.tools.jib.gradle.OutputPathsParameters(Project) may expose internal representation by storing an externally mutable object into OutputPathsParameters.project  At OutputPathsParameters.java:[line 39]
M B FS: Format string should use %n rather than \n in com.google.cloud.tools.jib.gradle.TaskCommon.lambda$finishUpdateChecker$0(ProjectProperties, String)  At TaskCommon.java:[line 79]
M V EI: com.google.cloud.tools.jib.gradle.BaseImageParameters.getCredHelper() may expose internal representation by returning BaseImageParameters.credHelper  At BaseImageParameters.java:[line 100]
M V EI: com.google.cloud.tools.jib.gradle.BaseImageParameters.getAuth() may expose internal representation by returning BaseImageParameters.auth  At BaseImageParameters.java:[line 115]
H P Bx: Boxing/unboxing to parse a primitive com.google.cloud.tools.jib.gradle.GradleProjectProperties.getMajorJavaVersion()  At GradleProjectProperties.java:[line 449]
M V EI: com.google.cloud.tools.jib.gradle.TargetImageParameters.getCredHelper() may expose internal representation by returning TargetImageParameters.credHelper  At TargetImageParameters.java:[line 105]
M V EI: com.google.cloud.tools.jib.gradle.TargetImageParameters.getAuth() may expose internal representation by returning TargetImageParameters.auth  At TargetImageParameters.java:[line 120]
M D DCN: Do not catch NullPointerException like in com.google.cloud.tools.jib.gradle.TargetImageParameters.getTags()  At TargetImageParameters.java:[line 80]
M V EI2: com.google.cloud.tools.jib.gradle.skaffold.FilesTaskV2.setJibExtension(JibExtension) may expose internal representation by storing an externally mutable object into FilesTaskV2.jibExtension  At FilesTaskV2.java:[line 58]
M V EI2: new com.google.cloud.tools.jib.gradle.GradleRawConfiguration(JibExtension) may expose internal representation by storing an externally mutable object into GradleRawConfiguration.jibExtension  At GradleRawConfiguration.java:[line 36]
M V EI2: com.google.cloud.tools.jib.gradle.skaffold.SyncMapTask.setJibExtension(JibExtension) may expose internal representation by storing an externally mutable object into SyncMapTask.jibExtension  At SyncMapTask.java:[line 43]
M V EI2: com.google.cloud.tools.jib.gradle.BuildDockerTask.setJibExtension(JibExtension) may expose internal representation by storing an externally mutable object into BuildDockerTask.jibExtension  At BuildDockerTask.java:[line 198]
M V EI: com.google.cloud.tools.jib.gradle.BuildDockerTask.getJib() may expose internal representation by returning BuildDockerTask.jibExtension  At BuildDockerTask.java:[line 67]
M V EI2: com.google.cloud.tools.jib.gradle.BuildTarTask.setJibExtension(JibExtension) may expose internal representation by storing an externally mutable object into BuildTarTask.jibExtension  At BuildTarTask.java:[line 215]
M V EI: com.google.cloud.tools.jib.gradle.BuildTarTask.getJib() may expose internal representation by returning BuildTarTask.jibExtension  At BuildTarTask.java:[line 71]
M V EI2: com.google.cloud.tools.jib.gradle.BuildImageTask.setJibExtension(JibExtension) may expose internal representation by storing an externally mutable object into BuildImageTask.jibExtension  At BuildImageTask.java:[line 193]
M V EI: com.google.cloud.tools.jib.gradle.BuildImageTask.getJib() may expose internal representation by returning BuildImageTask.jibExtension  At BuildImageTask.java:[line 66]
M V EI2: com.google.cloud.tools.jib.gradle.skaffold.InitTask.setJibExtension(JibExtension) may expose internal representation by storing an externally mutable object into InitTask.jibExtension  At InitTask.java:[line 38]
SpotBugs ended with exit code 1

> Task :jib-cli:spotbugsMain
H D NP: value must be non-null but is marked as nullable  At Validator.java:[lines 41-44]
H D NP: value must be non-null but is marked as nullable  At Validator.java:[lines 71-74]
H D NP: value must be non-null but is marked as nullable  At Validator.java:[lines 156-160]
M V EI: com.google.cloud.tools.jib.cli.buildfile.CopySpec.getIncludes() may expose internal representation by returning CopySpec.includes  At CopySpec.java:[line 100]
M V EI: com.google.cloud.tools.jib.cli.buildfile.CopySpec.getExcludes() may expose internal representation by returning CopySpec.excludes  At CopySpec.java:[line 96]
M V EI2: new com.google.cloud.tools.jib.cli.buildfile.LayersSpec(List, FilePropertiesSpec) may expose internal representation by storing an externally mutable object into LayersSpec.entries  At LayersSpec.java:[line 52]
M V EI: com.google.cloud.tools.jib.cli.buildfile.LayersSpec.getEntries() may expose internal representation by returning LayersSpec.entries  At LayersSpec.java:[line 61]
M D NP: Possible null pointer dereference in com.google.cloud.tools.jib.cli.jar.SpringBootPackagedProcessor.computeEntrypoint(List) due to return value of called method  Dereferenced at SpringBootPackagedProcessor.java:[line 58]
M D NP: Possible null pointer dereference in com.google.cloud.tools.jib.cli.jar.StandardPackagedProcessor.computeEntrypoint(List) due to return value of called method  Dereferenced at StandardPackagedProcessor.java:[line 75]
M V EI2: new com.google.cloud.tools.jib.cli.buildfile.FileLayerSpec(String, List, FilePropertiesSpec) may expose internal representation by storing an externally mutable object into FileLayerSpec.files  At FileLayerSpec.java:[line 63]
M V EI: com.google.cloud.tools.jib.cli.buildfile.FileLayerSpec.getFiles() may expose internal representation by returning FileLayerSpec.files  At FileLayerSpec.java:[line 71]
M B FS: Format string should use %n rather than \n in com.google.cloud.tools.jib.cli.JibCli.lambda$finishUpdateChecker$0(ConsoleLogger, String)  At JibCli.java:[line 112]

> Task :jib-maven-plugin:spotbugsMain
M P UrF: Unread field: com.google.cloud.tools.jib.maven.skaffold.SkaffoldConfiguration.watch  At SkaffoldConfiguration.java:[line 43]
SpotBugs ended with exit code 1

> Task :jib-core:spotbugsMain
M B CT: Exception thrown in class com.google.cloud.tools.jib.cache.LayerEntriesSelector$LayerEntryTemplate at new com.google.cloud.tools.jib.cache.LayerEntriesSelector$LayerEntryTemplate(FileEntry) will leave the constructor. The object under construction remains partially initialized and may be vulnerable to Finalizer attacks.  At LayerEntriesSelector.java:[line 75]
M V EI2: new com.google.cloud.tools.jib.http.NotifyingOutputStream(OutputStream, Consumer) may expose internal representation by storing an externally mutable object into NotifyingOutputStream.underlyingOutputStream  At NotifyingOutputStream.java:[line 43]
M V EI2: com.google.cloud.tools.jib.cache.CachedLayer$Builder.setLayerBlob(Blob) may expose internal representation by storing an externally mutable object into CachedLayer$Builder.layerBlob  At CachedLayer.java:[line 55]
M B CT: Exception thrown in class com.google.cloud.tools.jib.filesystem.DirectoryWalker at new com.google.cloud.tools.jib.filesystem.DirectoryWalker(Path) will leave the constructor. The object under construction remains partially initialized and may be vulnerable to Finalizer attacks.  At DirectoryWalker.java:[line 32]
M V EI2: new com.google.cloud.tools.jib.http.BlobHttpContent(Blob, String, Consumer) may expose internal representation by storing an externally mutable object into BlobHttpContent.blob  At BlobHttpContent.java:[line 44]
M D NP: Possible null pointer dereference in com.google.cloud.tools.jib.tar.TarExtractor.extract(Path, Path, boolean) due to return value of called method  Dereferenced at TarExtractor.java:[line 66]
M D NP: Possible null pointer dereference in com.google.cloud.tools.jib.tar.TarExtractor.extract(Path, Path, boolean) due to return value of called method  Method invoked at TarExtractor.java:[line 89]
M V EI: com.google.cloud.tools.jib.image.json.OciManifestTemplate.getContainerConfiguration() may expose internal representation by returning OciManifestTemplate.config  At OciManifestTemplate.java:[line 93]
M B CT: Exception thrown in class com.google.cloud.tools.jib.hash.CountingDigestOutputStream at new com.google.cloud.tools.jib.hash.CountingDigestOutputStream(OutputStream) will leave the constructor. The object under construction remains partially initialized and may be vulnerable to Finalizer attacks.  At CountingDigestOutputStream.java:[line 45]

> Task :jib-plugins-common:spotbugsMain
M V EI: com.google.cloud.tools.jib.plugins.common.ImageMetadataOutput.getTags() may expose internal representation by returning ImageMetadataOutput.tags  At ImageMetadataOutput.java:[line 101]
M D NP: Possible null pointer dereference in com.google.cloud.tools.jib.plugins.common.ZipUtil.unzip(Path, Path, boolean) due to return value of called method  Dereferenced at ZipUtil.java:[line 65]
M D NP: Possible null pointer dereference in com.google.cloud.tools.jib.plugins.common.ZipUtil.unzip(Path, Path, boolean) due to return value of called method  Method invoked at ZipUtil.java:[line 87]
M D ICAST: Integral division result cast to double or float in com.google.cloud.tools.jib.plugins.common.TimerEventHandler.buildLogMessage(TimerEvent)  At TimerEventHandler.java:[line 59]
M B CT: Exception thrown in class com.google.cloud.tools.jib.plugins.common.SkaffoldFilesOutput at new com.google.cloud.tools.jib.plugins.common.SkaffoldFilesOutput(String) will leave the constructor. The object under construction remains partially initialized and may be vulnerable to Finalizer attacks.  At SkaffoldFilesOutput.java:[line 88]
M B CT: Exception thrown in class com.google.cloud.tools.jib.plugins.common.SkaffoldInitOutput at new com.google.cloud.tools.jib.plugins.common.SkaffoldInitOutput(String) will leave the constructor. The object under construction remains partially initialized and may be vulnerable to Finalizer attacks.  At SkaffoldInitOutput.java:[line 64]
M D NP: Possible null pointer dereference in com.google.cloud.tools.jib.plugins.common.PluginConfigurationProcessor.writeFileConservatively(Path, String) due to return value of called method  Method invoked at PluginConfigurationProcessor.java:[line 749]
M D NP: Possible null pointer dereference in com.google.cloud.tools.jib.plugins.common.PluginConfigurationProcessor.computeEntrypoint(RawConfiguration, ProjectProperties, JibContainerBuilder) due to return value of called method  Dereferenced at PluginConfigurationProcessor.java:[line 658]
SpotBugs ended with exit code 1

> Task :jib-cli:spotbugsMain
M V EI2: new com.google.cloud.tools.jib.cli.buildfile.BuildFileSpec(String, String, BaseImageSpec, String, String, Map, Map, Set, List, String, String, List, List, LayersSpec) may expose internal representation by storing an externally mutable object into BuildFileSpec.cmd  At BuildFileSpec.java:[line 159]
M V EI: com.google.cloud.tools.jib.cli.buildfile.BuildFileSpec.getLabels() may expose internal representation by returning BuildFileSpec.labels  At BuildFileSpec.java:[line 188]
M V EI: com.google.cloud.tools.jib.cli.buildfile.BuildFileSpec.getVolumes() may expose internal representation by returning BuildFileSpec.volumes  At BuildFileSpec.java:[line 192]
M V EI: com.google.cloud.tools.jib.cli.buildfile.BuildFileSpec.getExposedPorts() may expose internal representation by returning BuildFileSpec.exposedPorts  At BuildFileSpec.java:[line 196]
M V EI2: new com.google.cloud.tools.jib.cli.buildfile.BuildFileSpec(String, String, BaseImageSpec, String, String, Map, Map, Set, List, String, String, List, List, LayersSpec) may expose internal representation by storing an externally mutable object into BuildFileSpec.entrypoint  At BuildFileSpec.java:[line 158]
M V EI: com.google.cloud.tools.jib.cli.buildfile.BuildFileSpec.getEnvironment() may expose internal representation by returning BuildFileSpec.environment  At BuildFileSpec.java:[line 184]
M V DP: com.google.cloud.tools.jib.cli.ArtifactProcessors.determineJavaMajorVersion(Path) creates a java.net.URLClassLoader classloader, which should be performed within a doPrivileged block  At ArtifactProcessors.java:[line 145]
M B RR: com.google.cloud.tools.jib.cli.ArtifactProcessors.determineJavaMajorVersion(Path) ignores result of java.io.DataInputStream.skipBytes(int)  At ArtifactProcessors.java:[line 156]
M V EI: com.google.cloud.tools.jib.cli.buildfile.BaseImageSpec.getPlatforms() may expose internal representation by returning BaseImageSpec.platforms  At BaseImageSpec.java:[line 61]
SpotBugs ended with exit code 1

> Task :jib-core:spotbugsMain
M V EI: com.google.cloud.tools.jib.image.json.ManifestAndConfigTemplate.getConfig() may expose internal representation by returning ManifestAndConfigTemplate.config  At ManifestAndConfigTemplate.java:[line 105]
M V EI2: new com.google.cloud.tools.jib.image.json.ManifestAndConfigTemplate(ManifestTemplate, ContainerConfigurationTemplate, String) may expose internal representation by storing an externally mutable object into ManifestAndConfigTemplate.config  At ManifestAndConfigTemplate.java:[line 74]
M V EI: com.google.cloud.tools.jib.docker.json.DockerManifestEntryTemplate.getRepoTags() may expose internal representation by returning DockerManifestEntryTemplate.repoTags  At DockerManifestEntryTemplate.java:[line 82]
M V EI: com.google.cloud.tools.jib.docker.json.DockerManifestEntryTemplate.getLayerFiles() may expose internal representation by returning DockerManifestEntryTemplate.layers  At DockerManifestEntryTemplate.java:[line 77]
M V EI2: new com.google.cloud.tools.jib.image.json.ImageMetadataTemplate(ManifestTemplate, List) may expose internal representation by storing an externally mutable object into ImageMetadataTemplate.manifestsAndConfigs  At ImageMetadataTemplate.java:[line 49]
M V EI: com.google.cloud.tools.jib.image.json.ImageMetadataTemplate.getManifestsAndConfigs() may expose internal representation by returning ImageMetadataTemplate.manifestsAndConfigs  At ImageMetadataTemplate.java:[line 58]
M V EI: com.google.cloud.tools.jib.api.MainClassFinder$Result.getFoundMainClasses() may expose internal representation by returning MainClassFinder$Result.foundMainClasses  At MainClassFinder.java:[line 102]
M V EI: com.google.cloud.tools.jib.cache.CachedLayer.getBlob() may expose internal representation by returning CachedLayer.layerBlob  At CachedLayer.java:[line 112]
M B Eq: com.google.cloud.tools.jib.event.progress.AllocationCompletionTracker$IndexedRemainingUnits defines compareTo(AllocationCompletionTracker$IndexedRemainingUnits) and uses Object.equals()  At AllocationCompletionTracker.java:[line 70]
M D NP: Possible null pointer dereference in com.google.cloud.tools.jib.filesystem.LockFile.lock(Path) due to return value of called method  Method invoked at LockFile.java:[line 64]
M V EI: com.google.cloud.tools.jib.image.json.V22ManifestTemplate.getContainerConfiguration() may expose internal representation by returning V22ManifestTemplate.config  At V22ManifestTemplate.java:[line 95]
M V EI: com.google.cloud.tools.jib.registry.credentials.json.DockerConfigTemplate.getCredHelpers() may expose internal representation by returning DockerConfigTemplate.credHelpers  At DockerConfigTemplate.java:[line 128]
M V EI: com.google.cloud.tools.jib.registry.credentials.json.DockerConfigTemplate.getAuths() may expose internal representation by returning DockerConfigTemplate.auths  At DockerConfigTemplate.java:[line 119]
M V EI: com.google.cloud.tools.jib.http.FailoverHttpClient.getTransportsCreated() may expose internal representation by returning FailoverHttpClient.transportsCreated  At FailoverHttpClient.java:[line 396]
M B CT: Exception thrown in class com.google.cloud.tools.jib.http.FailoverHttpClient at new com.google.cloud.tools.jib.http.FailoverHttpClient(boolean, boolean, Consumer, boolean) will leave the constructor. The object under construction remains partially initialized and may be vulnerable to Finalizer attacks.  At FailoverHttpClient.java:[line 158]
M V EI2: com.google.cloud.tools.jib.http.Request$Builder.setBody(HttpContent) may expose internal representation by storing an externally mutable object into Request$Builder.body  At Request.java:[line 98]
M V EI2: com.google.cloud.tools.jib.api.DockerDaemonImage.setDockerEnvironment(Map) may expose internal representation by storing an externally mutable object into DockerDaemonImage.dockerEnvironment  At DockerDaemonImage.java:[line 78]
M V EI: com.google.cloud.tools.jib.image.json.OciIndexTemplate.getManifests() may expose internal representation by returning OciIndexTemplate.manifests  At OciIndexTemplate.java:[line 106]
M D NP: Possible null pointer dereference in com.google.cloud.tools.jib.cache.CacheStorageFiles.isLayerFile(Path) due to return value of called method  Dereferenced at CacheStorageFiles.java:[line 42]
M D NP: Possible null pointer dereference in com.google.cloud.tools.jib.cache.CacheStorageFiles.getDigestFromFilename(Path) due to return value of called method  Dereferenced at CacheStorageFiles.java:[line 60]
M V EI2: new com.google.cloud.tools.jib.image.json.ManifestListGenerator(List) may expose internal representation by storing an externally mutable object into ManifestListGenerator.images  At ManifestListGenerator.java:[line 33]
M D NP: Possible null pointer dereference in com.google.cloud.tools.jib.cache.CacheStorageWriter.writeJsonTemplate(JsonTemplate, Path) due to return value of called method  Method invoked at CacheStorageWriter.java:[line 183]
M D NP: Possible null pointer dereference in com.google.cloud.tools.jib.cache.CacheStorageWriter.writeSelector(DescriptorDigest, DescriptorDigest) due to return value of called method  Method invoked at CacheStorageWriter.java:[line 459]
M D NP: Possible null pointer dereference in com.google.cloud.tools.jib.builder.steps.WriteTarFileStep.call() due to return value of called method  Method invoked at WriteTarFileStep.java:[line 58]
M V EI: com.google.cloud.tools.jib.api.JibContainer.getTags() may expose internal representation by returning JibContainer.tags  At JibContainer.java:[line 99]
M D NP: Possible null pointer dereference in com.google.cloud.tools.jib.frontend.CredentialRetrieverFactory.retrieveFromDockerCredentialHelper(Path) due to return value of called method  Dereferenced at CredentialRetrieverFactory.java:[line 321]
M D NP: Possible null pointer dereference in com.google.cloud.tools.jib.api.JavaContainerBuilder.toContainerBuilder() due to return value of called method  Dereferenced at JavaContainerBuilder.java:[line 604]
M P SS: Unread field: com.google.cloud.tools.jib.image.json.OciIndexTemplate.mediaType; should this field be static?  At OciIndexTemplate.java:[line 66]
M P SS: Unread field: com.google.cloud.tools.jib.image.json.ContainerConfigurationTemplate$RootFilesystemObjectTemplate.type; should this field be static?  At ContainerConfigurationTemplate.java:[line 161]
M P SS: Unread field: com.google.cloud.tools.jib.image.json.V22ManifestTemplate.mediaType; should this field be static?  At V22ManifestTemplate.java:[line 73]
M P SS: Unread field: com.google.cloud.tools.jib.image.json.V22ManifestListTemplate.schemaVersion; should this field be static?  At V22ManifestListTemplate.java:[line 72]
M P SS: Unread field: com.google.cloud.tools.jib.image.json.V22ManifestTemplate.schemaVersion; should this field be static?  At V22ManifestTemplate.java:[line 71]
M P SS: Unread field: com.google.cloud.tools.jib.image.json.OciManifestTemplate.mediaType; should this field be static?  At OciManifestTemplate.java:[line 71]
M P SS: Unread field: com.google.cloud.tools.jib.image.json.V22ManifestListTemplate.mediaType; should this field be static?  At V22ManifestListTemplate.java:[line 73]
M P SS: Unread field: com.google.cloud.tools.jib.image.json.V21ManifestTemplate.schemaVersion; should this field be static?  At V21ManifestTemplate.java:[line 66]
M P SS: Unread field: com.google.cloud.tools.jib.image.json.V21ManifestTemplate.mediaType; should this field be static?  At V21ManifestTemplate.java:[line 67]
M P UrF: Unread field: com.google.cloud.tools.jib.image.json.V22ManifestListTemplate$ManifestDescriptorTemplate.size  At V22ManifestListTemplate.java:[line 144]
M P SS: Unread field: com.google.cloud.tools.jib.image.json.OciManifestTemplate.schemaVersion; should this field be static?  At OciManifestTemplate.java:[line 69]
M P SS: Unread field: com.google.cloud.tools.jib.image.json.OciIndexTemplate.schemaVersion; should this field be static?  At OciIndexTemplate.java:[line 65]
SpotBugs ended with exit code 1
